Construct ThreadPool!!
Creating the thread id: 1 ...
Create the thread id: 1 successfully.
Thread: 1 dispath
Creating the thread id: 2 ...
Create the thread id: 2 successfully.
Thread: 2 dispath
Creating the thread id: 3 ...
Create the thread id: 3 successfully.
Thread: 3 dispath
Creating the thread id: 4 ...
Create the thread id: 4 successfully.
Thread: 4 dispath
Creating the thread id: 5 ...
Create the thread id: 5 successfully.
Thread: 5 dispath
Creating the thread id: 6 ...
Create the thread id: 6 successfully.
Thread: 6 dispath
Creating the thread id: 7 ...
Create the thread id: 7 successfully.
Thread: 7 dispath
Creating the thread id: 8 ...
Create the thread id: 8 successfully.
Thread: 8 dispath
Creating the thread id: 9 ...
Create the thread id: 9 successfully.
Thread: 9 dispath
Creating the thread id: 10 ...
Create the thread id: 10 successfully.
Thread: 10 dispath
Thread: 1 activate successfully
Constructing TypeFactory....
Construct TypeFactory successfully.
Connection destory
Thread: 2 activate successfully
Connection destory
Thread: 3 activate successfully
Connection destory
Thread: 4 activate successfully
Connection destory
Thread: 5 activate successfully
Connection destory
Thread: 6 activate successfully
Connection destory
Thread: 7 activate successfully
Connection destory
Thread: 8 activate successfully
Connection destory
Thread: 9 activate successfully
Connection destory
Thread: 10 activate successfully
Connection destory
Thread: 1 activate successfully
Connection destory
Thread: 2 activate successfully
Connection destory
Thread: 3 activate successfully
Connection destory
Thread: 4 activate successfully
Connection destory
